<?xml version="1.0" encoding="UTF-8"?>
<testng-results skipped="0" failed="0" ignored="0" total="2" passed="2">
  <reporter-output>
  </reporter-output>
  <suite name="Default suite" duration-ms="18218" started-at="2022-04-16T14:49:15Z" finished-at="2022-04-16T14:49:33Z">
    <groups>
    </groups>
    <test name="Default test" duration-ms="18218" started-at="2022-04-16T14:49:15Z" finished-at="2022-04-16T14:49:33Z">
      <class name="com.TestCalc.app.Calc">
        <test-method status="PASS" signature="beforeTest()[pri:0, instance:com.TestCalc.app.Calc@27c20538]" name="beforeTest" is-config="true" duration-ms="8921" started-at="2022-04-16T14:49:15Z" finished-at="2022-04-16T14:49:24Z">
          <reporter-output>
          </reporter-output>
        </test-method> <!-- beforeTest -->
        <test-method status="PASS" signature="CheckExpression()[pri:1, instance:com.TestCalc.app.Calc@27c20538]" name="CheckExpression" duration-ms="47" started-at="2022-04-16T14:49:24Z" finished-at="2022-04-16T14:49:24Z">
          <reporter-output>
          </reporter-output>
        </test-method> <!-- CheckExpression -->
        <test-method status="PASS" signature="CheckResult()[pri:2, instance:com.TestCalc.app.Calc@27c20538]" name="CheckResult" duration-ms="38" started-at="2022-04-16T14:49:24Z" finished-at="2022-04-16T14:49:24Z">
          <reporter-output>
          </reporter-output>
        </test-method> <!-- CheckResult -->
        <test-method status="PASS" signature="afterTest()[pri:0, instance:com.TestCalc.app.Calc@27c20538]" name="afterTest" is-config="true" duration-ms="9193" started-at="2022-04-16T14:49:24Z" finished-at="2022-04-16T14:49:33Z">
          <reporter-output>
          </reporter-output>
        </test-method> <!-- afterTest -->
      </class> <!-- com.TestCalc.app.Calc -->
    </test> <!-- Default test -->
  </suite> <!-- Default suite -->
</testng-results>
